<?xml version="1.0" encoding="UTF-8"?>
<testsuite xmlns:xsi="http://www.w3.org/2001/XMLSchema-instance" xsi:noNamespaceSchemaLocation="https://maven.apache.org/surefire/maven-surefire-plugin/xsd/surefire-test-report.xsd" name="it.polimi.ingsw.Server.Model.AssistantTest" time="0.001" tests="5" errors="0" skipped="0" failures="0">
  <properties>
[...]
</properties>
  <testcase name="getAssistantByValue" classname="it.polimi.ingsw.Server.Model.AssistantTest" time="0"/>
  <testcase name="getNewAssistantDeck" classname="it.polimi.ingsw.Server.Model.AssistantTest" time="0"/>
  <testcase name="getNumberOfAssistants" classname="it.polimi.ingsw.Server.Model.AssistantTest" time="0"/>
  <testcase name="getMaxMovement" classname="it.polimi.ingsw.Server.Model.AssistantTest" time="0"/>
  <testcase name="getValue" classname="it.polimi.ingsw.Server.Model.AssistantTest" time="0"/>
</testsuite>